0 info it worked if it ends with ok
1 verbose cli [ '/home/andy/.nvm/versions/node/v6.12.2/bin/node',
1 verbose cli   '/home/andy/.nvm/versions/node/v6.12.2/bin/npm',
1 verbose cli   'run',
1 verbose cli   'webpack' ]
2 info using npm@3.10.10
3 info using node@v6.12.2
4 verbose run-script [ 'prewebpack', 'webpack', 'postwebpack' ]
5 info lifecycle 0xbitcoin-explorer@1.0.0~prewebpack: 0xbitcoin-explorer@1.0.0
6 silly lifecycle 0xbitcoin-explorer@1.0.0~prewebpack: no script for prewebpack, continuing
7 info lifecycle 0xbitcoin-explorer@1.0.0~webpack: 0xbitcoin-explorer@1.0.0
8 verbose lifecycle 0xbitcoin-explorer@1.0.0~webpack: unsafe-perm in lifecycle true
9 verbose lifecycle 0xbitcoin-explorer@1.0.0~webpack: PATH: /home/andy/.nvm/versions/node/v6.12.2/lib/node_modules/npm/bin/node-gyp-bin:/home/andy/dev/0xbitcoin-explorer/node_modules/.bin:/home/andy/.rvm/gems/ruby-2.5.1/bin:/home/andy/.rvm/gems/ruby-2.5.1@global/bin:/home/andy/.rvm/rubies/ruby-2.5.1/bin:/home/andy/.rvm/bin:/home/andy/.nvm/versions/node/v6.12.2/bin:/usr/local/sbin:/usr/local/bin:/usr/sbin:/usr/bin:/sbin:/bin:/usr/games:/usr/local/games:/snap/bin
10 verbose lifecycle 0xbitcoin-explorer@1.0.0~webpack: CWD: /home/andy/dev/0xbitcoin-explorer
11 silly lifecycle 0xbitcoin-explorer@1.0.0~webpack: Args: [ '-c', 'webpack' ]
12 silly lifecycle 0xbitcoin-explorer@1.0.0~webpack: Returned: code: 1  signal: null
13 info lifecycle 0xbitcoin-explorer@1.0.0~webpack: Failed to exec webpack script
14 verbose stack Error: 0xbitcoin-explorer@1.0.0 webpack: `webpack`
14 verbose stack Exit status 1
14 verbose stack     at EventEmitter.<anonymous> (/home/andy/.nvm/versions/node/v6.12.2/lib/node_modules/npm/lib/utils/lifecycle.js:255:16)
14 verbose stack     at emitTwo (events.js:106:13)
14 verbose stack     at EventEmitter.emit (events.js:191:7)
14 verbose stack     at ChildProcess.<anonymous> (/home/andy/.nvm/versions/node/v6.12.2/lib/node_modules/npm/lib/utils/spawn.js:40:14)
14 verbose stack     at emitTwo (events.js:106:13)
14 verbose stack     at ChildProcess.emit (events.js:191:7)
14 verbose stack     at maybeClose (internal/child_process.js:920:16)
14 verbose stack     at Process.ChildProcess._handle.onexit (internal/child_process.js:230:5)
15 verbose pkgid 0xbitcoin-explorer@1.0.0
16 verbose cwd /home/andy/dev/0xbitcoin-explorer
17 error Linux 4.13.0-21-generic
18 error argv "/home/andy/.nvm/versions/node/v6.12.2/bin/node" "/home/andy/.nvm/versions/node/v6.12.2/bin/npm" "run" "webpack"
19 error node v6.12.2
20 error npm  v3.10.10
21 error code ELIFECYCLE
22 error 0xbitcoin-explorer@1.0.0 webpack: `webpack`
22 error Exit status 1
23 error Failed at the 0xbitcoin-explorer@1.0.0 webpack script 'webpack'.
23 error Make sure you have the latest version of node.js and npm installed.
23 error If you do, this is most likely a problem with the 0xbitcoin-explorer package,
23 error not with npm itself.
23 error Tell the author that this fails on your system:
23 error     webpack
23 error You can get information on how to open an issue for this project with:
23 error     npm bugs 0xbitcoin-explorer
23 error Or if that isn't available, you can get their info via:
23 error     npm owner ls 0xbitcoin-explorer
23 error There is likely additional logging output above.
24 verbose exit [ 1, true ]
